<?xml version="1.0" encoding="UTF-8"?>
<!-- Generated by org.testng.reporters.JUnitReportReporter -->
<testsuite hostname="Karthy_Paapa234" failures="0" tests="2" name="com.pageobjects.sauce.Demo" time="8.976" errors="0" timestamp="2024-04-30T14:31:03 IST" skipped="0">
  <testcase classname="com.pageobjects.sauce.Demo" name="launch" time="4.589"/>
  <testcase classname="com.pageobjects.sauce.Demo" name="product_search" time="4.387"/>
</testsuite> <!-- com.pageobjects.sauce.Demo -->
