<?xml version="1.0" encoding="UTF-8"?>
<!-- Generated by org.testng.reporters.JUnitReportReporter -->
<testsuite hostname="Karthy_Paapa234" failures="0" tests="1" name="com.pageobjects.sauce.SauceTest" time="5.374" errors="0" timestamp="2024-04-27T16:59:21 IST" skipped="0">
  <testcase classname="com.pageobjects.sauce.SauceTest" name="testLogin" time="5.374"/>
</testsuite> <!-- com.pageobjects.sauce.SauceTest -->
